<?xml version="1.0" encoding="UTF-8"?>
<testsuites tests="170" failures="0" errors="0" time="20.340881">
	<testsuite tests="0" failures="0" time="0.000000" name="somotracker/backend/cmd/api" timestamp="2026-09-23T01:53:26+03:00">
		<properties>
			<property name="go.version" value="go1.26.6 darwin/arm64"></property>
		</properties>
	</testsuite>
	<testsuite tests="0" failures="0" time="0.000000" name="somotracker/backend/db" timestamp="2026-09-23T01:53:26+03:00">
		<properties>
			<property name="go.version" value="go1.26.6 darwin/arm64"></property>
		</properties>
	</testsuite>
	<testsuite tests="0" failures="0" time="0.000000" name="somotracker/backend/docs" timestamp="2026-09-23T01:53:26+03:00">
		<properties>
			<property name="go.version" value="go1.26.6 darwin/arm64"></property>
		</properties>
	</testsuite>
	<testsuite tests="56" failures="0" time="2.760000" name="somotracker/backend/internal/api" timestamp="2026-09-23T01:53:26+03:00">
		<properties>
			<property name="go.version" value="go1.26.6 darwin/arm64"></property>
		</properties>
		<testcase classname="somotracker/backend/internal/api" name="TestCreateAcademicPeriod_HappyPath_Returns201" time="0.000000"></testcase>
		<testcase classname="somotracker/backend/internal/api" name="TestCreateAcademicPeriod_MissingSchoolID_Returns401" time="0.000000"></testcase>
		<testcase classname="somotracker/backend/internal/api" name="TestCreateAcademicPeriod_InvalidJSON_Returns400" time="0.000000"></testcase>
		<testcase classname="somotracker/backend/internal/api" name="TestCreateAcademicPeriod_MissingYear_Returns400" time="0.000000"></testcase>
		<testcase classname="somotracker/backend/internal/api" name="TestCreateAcademicPeriod_MissingTerms_Returns400" time="0.000000"></testcase>
		<testcase classname="somotracker/backend/internal/api" name="TestCreateAcademicPeriod_ServiceBadRequest_Returns400" time="0.000000"></testcase>
		<testcase classname="somotracker/backend/internal/api" name="TestCreateAcademicPeriod_ServiceInternalError_Returns500" time="0.000000"></testcase>
		<testcase classname="somotracker/backend/internal/api" name="TestCreateAcademicPeriod_InvalidTermDates_Returns400" time="0.000000"></testcase>
		<testcase classname="somotracker/backend/internal/api" name="TestCreateAcademicPeriod_HandlerPassesRequestToService" time="0.000000"></testcase>
		<testcase classname="somotracker/backend/internal/api" name="TestSendMagicLink_HappyPath_Returns200" time="0.000000"></testcase>
		<testcase classname="somotracker/backend/internal/api" name="TestSendMagicLink_MissingEmail_Returns400" time="0.000000"></testcase>
		<testcase classname="somotracker/backend/internal/api" name="TestSendMagicLink_AcceptsFormEncodedEmail" time="0.000000"></testcase>
		<testcase classname="somotracker/backend/internal/api" name="TestSendMagicLink_ServiceError_Returns500WithoutLeakage" time="0.000000"></testcase>
		<testcase classname="somotracker/backend/internal/api" name="TestSendMagicLink_PassesEmailToService" time="0.000000"></testcase>
		<testcase classname="somotracker/backend/internal/api" name="TestCallback_HappyPath_SetsSessionCookieAndReturns200" time="0.000000"></testcase>
		<testcase classname="somotracker/backend/internal/api" name="TestCallback_MissingToken_Returns400" time="0.000000"></testcase>
		<testcase classname="somotracker/backend/internal/api" name="TestCallback_WhitespaceToken_Returns400" time="0.000000"></testcase>
		<testcase classname="somotracker/backend/internal/api" name="TestCallback_ServiceBadRequest_Returns400" time="0.000000"></testcase>
		<testcase classname="somotracker/backend/internal/api" name="TestCallback_ServiceUnauthorized_Returns401" time="0.000000"></testcase>
		<testcase classname="somotracker/backend/internal/api" name="TestCallback_ServiceTooManyRequests_Returns429" time="0.000000"></testcase>
		<testcase classname="somotracker/backend/internal/api" name="TestCallback_ServiceInternalError_Returns500WithoutLeakage" time="0.000000"></testcase>
		<testcase classname="somotracker/backend/internal/api" name="TestCallback_RouteIsRegisteredGETOnly" time="0.000000"></testcase>
		<testcase classname="somotracker/backend/internal/api" name="TestCallback_RateLimitMiddlewareAttached" time="0.000000"></testcase>
		<testcase classname="somotracker/backend/internal/api" name="TestErrorHandler_404ReturnsCanonicalJSON" time="0.000000"></testcase>
		<testcase classname="somotracker/backend/internal/api" name="TestGetMe_HappyPath_Returns200" time="0.000000"></testcase>
		<testcase classname="somotracker/backend/internal/api" name="TestGetMe_MissingCookie_Returns401" time="0.000000"></testcase>
		<testcase classname="somotracker/backend/internal/api" name="TestGetMe_MissingTenantContext_Returns401" time="0.000000"></testcase>
		<testcase classname="somotracker/backend/internal/api" name="TestGetMe_ServiceBadRequest_Returns400" time="0.000000"></testcase>
		<testcase classname="somotracker/backend/internal/api" name="TestGetMe_ServiceNotFound_Returns404" time="0.000000"></testcase>
		<testcase classname="somotracker/backend/internal/api" name="TestGetMe_ServiceUnknownError_Returns500WithoutLeakage" time="0.000000"></testcase>
		<testcase classname="somotracker/backend/internal/api" name="TestGetMe_CookieValuePassedToService" time="0.000000"></testcase>
		<testcase classname="somotracker/backend/internal/api" name="TestGetMe_EmptyCookieValue_Returns401" time="0.000000"></testcase>
		<testcase classname="somotracker/backend/internal/api" name="TestRegisterSchool_HappyPath_Returns201" time="0.000000"></testcase>
		<testcase classname="somotracker/backend/internal/api" name="TestRegisterSchool_MissingBody_Returns400" time="0.000000"></testcase>
		<testcase classname="somotracker/backend/internal/api" name="TestCreateStreams_HappyPath_Returns201" time="0.000000"></testcase>
		<testcase classname="somotracker/backend/internal/api" name="TestCreateStreams_MissingSchoolID_Returns401" time="0.000000"></testcase>
		<testcase classname="somotracker/backend/internal/api" name="TestCreateStreams_EmptyBody_Returns400" time="0.000000"></testcase>
		<testcase classname="somotracker/backend/internal/api" name="TestCreateStreams_InvalidJSON_Returns400" time="0.000000"></testcase>
		<testcase classname="somotracker/backend/internal/api" name="TestCreateStreams_ServiceBadRequest_Returns400" time="0.000000"></testcase>
		<testcase classname="somotracker/backend/internal/api" name="TestCreateStreams_ServiceInternalError_Returns500" time="0.000000"></testcase>
		<testcase classname="somotracker/backend/internal/api" name="TestCreateStreams_EmptyNameInArray_Skipped" time="0.000000"></testcase>
		<testcase classname="somotracker/backend/internal/api" name="TestCreateStreams_SingleStringNotArray_Returns400" time="0.000000"></testcase>
		<testcase classname="somotracker/backend/internal/api" name="TestHandleInvites_DuplicateEmailsPayload" time="0.000000"></testcase>
		<testcase classname="somotracker/backend/internal/api" name="TestHandleInvites_MissingInvalidLocals/missing_active_school_id" time="0.000000"></testcase>
		<testcase classname="somotracker/backend/internal/api" name="TestHandleInvites_MissingInvalidLocals/missing_tenant_id" time="0.000000"></testcase>
		<testcase classname="somotracker/backend/internal/api" name="TestHandleInvites_MissingInvalidLocals/wrong_type_string_active_school_id" time="0.000000"></testcase>
		<testcase classname="somotracker/backend/internal/api" name="TestHandleInvites_MissingInvalidLocals" time="0.000000"></testcase>
		<testcase classname="somotracker/backend/internal/api" name="TestHandleInvites_Validation/valid_payload_1_row_-&gt;_202" time="0.000000"></testcase>
		<testcase classname="somotracker/backend/internal/api" name="TestHandleInvites_Validation/valid_payload_exactly_10000_rows_-&gt;_202" time="0.120000"></testcase>
		<testcase classname="somotracker/backend/internal/api" name="TestHandleInvites_Validation/payload_10001_rows_-&gt;_400_(or_413_from_body-limit_middleware;_confirm_layer)" time="0.070000"></testcase>
		<testcase classname="somotracker/backend/internal/api" name="TestHandleInvites_Validation/empty_array_-&gt;_400,_no_job_created" time="0.000000"></testcase>
		<testcase classname="somotracker/backend/internal/api" name="TestHandleInvites_Validation/missing_email_on_one_row_-&gt;_400_with_row_index,_other_rows_reported" time="0.000000"></testcase>
		<testcase classname="somotracker/backend/internal/api" name="TestHandleInvites_Validation/malformed_email_-&gt;_400_field_email" time="0.000000"></testcase>
		<testcase classname="somotracker/backend/internal/api" name="TestHandleInvites_Validation/empty/whitespace_full_name_-&gt;_400" time="0.000000"></testcase>
		<testcase classname="somotracker/backend/internal/api" name="TestHandleInvites_Validation/multiple_invalid_rows_-&gt;_400_ALL_errors_with_correct_row_index" time="0.000000"></testcase>
		<testcase classname="somotracker/backend/internal/api" name="TestHandleInvites_Validation" time="0.230000"></testcase>
	</testsuite>
	<testsuite tests="4" failures="0" time="5.971000" name="somotracker/backend/internal/api/middleware" timestamp="2026-09-23T01:53:26+03:00">
		<properties>
			<property name="go.version" value="go1.26.6 darwin/arm64"></property>
		</properties>
		<testcase classname="somotracker/backend/internal/api/middleware" name="TestRequestIDMiddleware_GeneratesUUIDWhenMissing" time="0.000000"></testcase>
		<testcase classname="somotracker/backend/internal/api/middleware" name="TestRequestIDMiddleware_ReusesIncomingHeader" time="0.000000"></testcase>
		<testcase classname="somotracker/backend/internal/api/middleware" name="TestRequestIDMiddleware_StoresInContext" time="0.000000"></testcase>
		<testcase classname="somotracker/backend/internal/api/middleware" name="TestNewRequestIDHandler_ResolvesLogger" time="0.000000"></testcase>
	</testsuite>
	<testsuite tests="3" failures="0" time="1.807000" name="somotracker/backend/internal/api/middleware/bodylimit" timestamp="2026-09-23T01:53:26+03:00">
		<properties>
			<property name="go.version" value="go1.26.6 darwin/arm64"></property>
		</properties>
		<testcase classname="somotracker/backend/internal/api/middleware/bodylimit" name="TestBodyLimitMiddleware_AllowsUnderLimit" time="0.000000"></testcase>
		<testcase classname="somotracker/backend/internal/api/middleware/bodylimit" name="TestBodyLimitMiddleware_AllowsExactlyFourMB" time="0.060000"></testcase>
		<testcase classname="somotracker/backend/internal/api/middleware/bodylimit" name="TestBodyLimitMiddleware_RejectsOverLimit" time="0.030000"></testcase>
	</testsuite>
	<testsuite tests="0" failures="0" time="0.000000" name="somotracker/backend/internal/api/middleware/captcha" timestamp="2026-09-23T01:53:26+03:00">
		<properties>
			<property name="go.version" value="go1.26.6 darwin/arm64"></property>
		</properties>
	</testsuite>
	<testsuite tests="3" failures="0" time="5.329000" name="somotracker/backend/internal/api/middleware/compression" timestamp="2026-09-23T01:53:26+03:00">
		<properties>
			<property name="go.version" value="go1.26.6 darwin/arm64"></property>
		</properties>
		<testcase classname="somotracker/backend/internal/api/middleware/compression" name="TestCompressionMiddleware_CompressesLargeResponseWithGzip" time="0.020000"></testcase>
		<testcase classname="somotracker/backend/internal/api/middleware/compression" name="TestCompressionMiddleware_DoesNotCompressSmallResponse" time="0.000000"></testcase>
		<testcase classname="somotracker/backend/internal/api/middleware/compression" name="TestCompressionMiddleware_RespectsNoEncoding" time="0.000000"></testcase>
	</testsuite>
	<testsuite tests="10" failures="0" time="3.033000" name="somotracker/backend/internal/api/middleware/cors" timestamp="2026-09-23T01:53:26+03:00">
		<properties>
			<property name="go.version" value="go1.26.6 darwin/arm64"></property>
		</properties>
		<testcase classname="somotracker/backend/internal/api/middleware/cors" name="TestCORSMiddleware_AllowsConfiguredOrigin" time="0.000000"></testcase>
		<testcase classname="somotracker/backend/internal/api/middleware/cors" name="TestCORSMiddleware_RejectsUnconfiguredOrigin" time="0.000000"></testcase>
		<testcase classname="somotracker/backend/internal/api/middleware/cors" name="TestCORSMiddleware_PreflightAllowedMethods" time="0.000000"></testcase>
		<testcase classname="somotracker/backend/internal/api/middleware/cors" name="TestCORSMiddleware_AllowsCredentials" time="0.000000"></testcase>
		<testcase classname="somotracker/backend/internal/api/middleware/cors" name="TestCORSMiddleware_ExposesXRequestIDHeader" time="0.000000"></testcase>
		<testcase classname="somotracker/backend/internal/api/middleware/cors" name="TestAllowedOriginsList_ParsesCommaSeparated/empty" time="0.000000"></testcase>
		<testcase classname="somotracker/backend/internal/api/middleware/cors" name="TestAllowedOriginsList_ParsesCommaSeparated/single" time="0.000000"></testcase>
		<testcase classname="somotracker/backend/internal/api/middleware/cors" name="TestAllowedOriginsList_ParsesCommaSeparated/multiple" time="0.000000"></testcase>
		<testcase classname="somotracker/backend/internal/api/middleware/cors" name="TestAllowedOriginsList_ParsesCommaSeparated/with_spaces" time="0.000000"></testcase>
		<testcase classname="somotracker/backend/internal/api/middleware/cors" name="TestAllowedOriginsList_ParsesCommaSeparated" time="0.000000"></testcase>
	</testsuite>
	<testsuite tests="0" failures="0" time="0.000000" name="somotracker/backend/internal/api/middleware/csrf" timestamp="2026-09-23T01:53:26+03:00">
		<properties>
			<property name="go.version" value="go1.26.6 darwin/arm64"></property>
		</properties>
	</testsuite>
	<testsuite tests="3" failures="0" time="4.167000" name="somotracker/backend/internal/api/middleware/helmet" timestamp="2026-09-23T01:53:26+03:00">
		<properties>
			<property name="go.version" value="go1.26.6 darwin/arm64"></property>
		</properties>
		<testcase classname="somotracker/backend/internal/api/middleware/helmet" name="TestHelmetMiddleware_SetsSecurityHeaders" time="0.000000"></testcase>
		<testcase classname="somotracker/backend/internal/api/middleware/helmet" name="TestHelmetMiddleware_PreservesRequestID" time="0.000000"></testcase>
		<testcase classname="somotracker/backend/internal/api/middleware/helmet" name="TestHelmetMiddleware_SetsHeadersOnError" time="0.000000"></testcase>
	</testsuite>
	<testsuite tests="0" failures="0" time="0.000000" name="somotracker/backend/internal/api/middleware/ipblacklist" timestamp="2026-09-23T01:53:26+03:00">
		<properties>
			<property name="go.version" value="go1.26.6 darwin/arm64"></property>
		</properties>
	</testsuite>
	<testsuite tests="5" failures="0" time="3.618000" name="somotracker/backend/internal/api/middleware/ratelimit" timestamp="2026-09-23T01:53:26+03:00">
		<properties>
			<property name="go.version" value="go1.26.6 darwin/arm64"></property>
		</properties>
		<testcase classname="somotracker/backend/internal/api/middleware/ratelimit" name="TestNewLimiter_NilClient" time="0.000000"></testcase>
		<testcase classname="somotracker/backend/internal/api/middleware/ratelimit" name="TestNewRateLimitMiddleware_NilLimiter_PassesThrough" time="0.000000"></testcase>
		<testcase classname="somotracker/backend/internal/api/middleware/ratelimit" name="TestNewRateLimitMiddleware_AllowedRequest_SetsHeaders" time="0.000000"></testcase>
		<testcase classname="somotracker/backend/internal/api/middleware/ratelimit" name="TestExtractClientID_ExtractsIP" time="0.000000"></testcase>
		<testcase classname="somotracker/backend/internal/api/middleware/ratelimit" name="TestFallbackLogger_GlobalWhenNotSet" time="0.000000"></testcase>
	</testsuite>
	<testsuite tests="0" failures="0" time="0.000000" name="somotracker/backend/internal/api/middleware/session" timestamp="2026-09-23T01:53:26+03:00">
		<properties>
			<property name="go.version" value="go1.26.6 darwin/arm64"></property>
		</properties>
	</testsuite>
	<testsuite tests="2" failures="0" time="19.734000" name="somotracker/backend/internal/api/middleware/timeout" timestamp="2026-09-23T01:53:26+03:00">
		<properties>
			<property name="go.version" value="go1.26.6 darwin/arm64"></property>
		</properties>
		<testcase classname="somotracker/backend/internal/api/middleware/timeout" name="TestTimeoutMiddleware_AllowsFastHandler" time="0.000000"></testcase>
		<testcase classname="somotracker/backend/internal/api/middleware/timeout" name="TestTimeoutMiddleware_RejectsSlowHandler" time="15.000000"></testcase>
	</testsuite>
	<testsuite tests="0" failures="0" time="0.000000" name="somotracker/backend/internal/config" timestamp="2026-09-23T01:53:28+03:00">
		<properties>
			<property name="go.version" value="go1.26.6 darwin/arm64"></property>
		</properties>
	</testsuite>
	<testsuite tests="0" failures="0" time="0.000000" name="somotracker/backend/internal/curriculum" timestamp="2026-09-23T01:53:28+03:00">
		<properties>
			<property name="go.version" value="go1.26.6 darwin/arm64"></property>
		</properties>
	</testsuite>
	<testsuite tests="0" failures="0" time="0.000000" name="somotracker/backend/internal/database" timestamp="2026-09-23T01:53:28+03:00">
		<properties>
			<property name="go.version" value="go1.26.6 darwin/arm64"></property>
		</properties>
	</testsuite>
	<testsuite tests="0" failures="0" time="0.000000" name="somotracker/backend/internal/database/sqlc" timestamp="2026-09-23T01:53:28+03:00">
		<properties>
			<property name="go.version" value="go1.26.6 darwin/arm64"></property>
		</properties>
	</testsuite>
	<testsuite tests="2" failures="0" time="4.999000" name="somotracker/backend/internal/observability" timestamp="2026-09-23T01:53:28+03:00">
		<properties>
			<property name="go.version" value="go1.26.6 darwin/arm64"></property>
		</properties>
		<testcase classname="somotracker/backend/internal/observability" name="TestMetricsEndpoint_DoesNotBreakRequestIDMiddleware" time="0.010000"></testcase>
		<testcase classname="somotracker/backend/internal/observability" name="TestMetricsEndpoint_AvailableAndContainsStandardMetrics" time="0.000000"></testcase>
	</testsuite>
	<testsuite tests="4" failures="0" time="4.583000" name="somotracker/backend/internal/redis" timestamp="2026-09-23T01:53:29+03:00">
		<properties>
			<property name="go.version" value="go1.26.6 darwin/arm64"></property>
		</properties>
		<testcase classname="somotracker/backend/internal/redis" name="TestNewClient_HappyPath" time="0.010000"></testcase>
		<testcase classname="somotracker/backend/internal/redis" name="TestNewClient_NilConfig" time="0.000000"></testcase>
		<testcase classname="somotracker/backend/internal/redis" name="TestNewClient_NilLogger" time="0.000000"></testcase>
		<testcase classname="somotracker/backend/internal/redis" name="TestPing_NilClient" time="0.000000"></testcase>
	</testsuite>
	<testsuite tests="32" failures="0" skipped="6" time="5.053000" name="somotracker/backend/internal/services" timestamp="2026-09-23T01:53:29+03:00">
		<properties>
			<property name="go.version" value="go1.26.6 darwin/arm64"></property>
		</properties>
		<testcase classname="somotracker/backend/internal/services" name="TestEndToEnd_NewUser_CreatesTenantUserAndSession" time="0.030000">
			<skipped message="=== RUN   TestEndToEnd_NewUser_CreatesTenantUserAndSession&#xA;    auth_service_e2e_test.go:31: test DB not available: ping failed: failed to connect to `user=pricetula database=somotracker`: [::1]:5432 (localhost): failed SASL auth: FATAL: password authentication failed for user &#34;pricetula&#34; (SQLSTATE 28P01)&#xA;--- SKIP: TestEndToEnd_NewUser_CreatesTenantUserAndSession (0.03s)&#xA;"></skipped>
		</testcase>
		<testcase classname="somotracker/backend/internal/services" name="TestEndToEnd_Rehydration_DBEmpty_StytchExists" time="0.020000">
			<skipped message="=== RUN   TestEndToEnd_Rehydration_DBEmpty_StytchExists&#xA;    auth_service_e2e_test.go:43: test DB not available: ping failed: failed to connect to `user=pricetula database=somotracker`: [::1]:5432 (localhost): failed SASL auth: FATAL: password authentication failed for user &#34;pricetula&#34; (SQLSTATE 28P01)&#xA;--- SKIP: TestEndToEnd_Rehydration_DBEmpty_StytchExists (0.02s)&#xA;"></skipped>
		</testcase>
		<testcase classname="somotracker/backend/internal/services" name="TestEndToEnd_ExistingUser_DoesNotCreateNewTenant" time="0.020000">
			<skipped message="=== RUN   TestEndToEnd_ExistingUser_DoesNotCreateNewTenant&#xA;    auth_service_e2e_test.go:53: test DB not available: ping failed: failed to connect to `user=pricetula database=somotracker`: [::1]:5432 (localhost): failed SASL auth: FATAL: password authentication failed for user &#34;pricetula&#34; (SQLSTATE 28P01)&#xA;--- SKIP: TestEndToEnd_ExistingUser_DoesNotCreateNewTenant (0.02s)&#xA;"></skipped>
		</testcase>
		<testcase classname="somotracker/backend/internal/services" name="TestSchoolRegistration_TransactionalFlow_RealDB" time="0.020000">
			<skipped message="=== RUN   TestSchoolRegistration_TransactionalFlow_RealDB&#xA;    school_service_test.go:22: test DB not available: ping failed: failed to connect to `user=pricetula database=somotracker`: [::1]:5432 (localhost): failed SASL auth: FATAL: password authentication failed for user &#34;pricetula&#34; (SQLSTATE 28P01)&#xA;--- SKIP: TestSchoolRegistration_TransactionalFlow_RealDB (0.02s)&#xA;"></skipped>
		</testcase>
		<testcase classname="somotracker/backend/internal/services" name="TestCreateSchoolWithSetup_RealDB" time="0.020000">
			<skipped message="=== RUN   TestCreateSchoolWithSetup_RealDB&#xA;    school_service_test.go:34: test DB not available: ping failed: failed to connect to `user=pricetula database=somotracker`: [::1]:5432 (localhost): failed SASL auth: FATAL: password authentication failed for user &#34;pricetula&#34; (SQLSTATE 28P01)&#xA;--- SKIP: TestCreateSchoolWithSetup_RealDB (0.02s)&#xA;"></skipped>
		</testcase>
		<testcase classname="somotracker/backend/internal/services" name="TestCreateSchoolWithSetup_VerifyAllDBTables" time="0.010000">
			<skipped message="=== RUN   TestCreateSchoolWithSetup_VerifyAllDBTables&#xA;    school_service_test.go:46: test DB not available: ping failed: failed to connect to `user=pricetula database=somotracker`: [::1]:5432 (localhost): failed SASL auth: FATAL: password authentication failed for user &#34;pricetula&#34; (SQLSTATE 28P01)&#xA;--- SKIP: TestCreateSchoolWithSetup_VerifyAllDBTables (0.01s)&#xA;"></skipped>
		</testcase>
		<testcase classname="somotracker/backend/internal/services" name="TestAcademicPeriodService_ValidationErrors/empty_schoolID" time="0.000000"></testcase>
		<testcase classname="somotracker/backend/internal/services" name="TestAcademicPeriodService_ValidationErrors/zero_year" time="0.000000"></testcase>
		<testcase classname="somotracker/backend/internal/services" name="TestAcademicPeriodService_ValidationErrors/no_terms" time="0.000000"></testcase>
		<testcase classname="somotracker/backend/internal/services" name="TestAcademicPeriodService_ValidationErrors/invalid_schoolID" time="0.000000"></testcase>
		<testcase classname="somotracker/backend/internal/services" name="TestAcademicPeriodService_ValidationErrors/invalid_term_start_date" time="0.000000"></testcase>
		<testcase classname="somotracker/backend/internal/services" name="TestAcademicPeriodService_ValidationErrors/invalid_term_end_date" time="0.000000"></testcase>
		<testcase classname="somotracker/backend/internal/services" name="TestAcademicPeriodService_ValidationErrors" time="0.000000"></testcase>
		<testcase classname="somotracker/backend/internal/services" name="TestAcademicPeriodService_ValidInput_PassesValidation" time="0.000000"></testcase>
		<testcase classname="somotracker/backend/internal/services" name="TestParseDate_ValidFormat" time="0.000000"></testcase>
		<testcase classname="somotracker/backend/internal/services" name="TestParseDate_InvalidFormat" time="0.000000"></testcase>
		<testcase classname="somotracker/backend/internal/services" name="TestMockStytchClient_BothBranches" time="0.000000"></testcase>
		<testcase classname="somotracker/backend/internal/services" name="TestMeService_ValidationErrors/empty_token" time="0.000000"></testcase>
		<testcase classname="somotracker/backend/internal/services" name="TestMeService_ValidationErrors/empty_tenantID" time="0.000000"></testcase>
		<testcase classname="somotracker/backend/internal/services" name="TestMeService_ValidationErrors/both_empty" time="0.000000"></testcase>
		<testcase classname="somotracker/backend/internal/services" name="TestMeService_ValidationErrors" time="0.000000"></testcase>
		<testcase classname="somotracker/backend/internal/services" name="TestMeService_NonValidationErrorsRequireDB" time="0.000000"></testcase>
		<testcase classname="somotracker/backend/internal/services" name="TestMeResult_StructSerialization" time="0.000000"></testcase>
		<testcase classname="somotracker/backend/internal/services" name="TestMeResult_EmptyFields" time="0.000000"></testcase>
		<testcase classname="somotracker/backend/internal/services" name="TestMeService_ErrorPatterns" time="0.000000"></testcase>
		<testcase classname="somotracker/backend/internal/services" name="TestSchoolRegistration_ValidationErrors" time="0.000000"></testcase>
		<testcase classname="somotracker/backend/internal/services" name="TestStreamsService_ValidationErrors" time="0.000000"></testcase>
		<testcase classname="somotracker/backend/internal/services" name="TestStreamsService_ValidInput_PassesValidation" time="0.000000"></testcase>
		<testcase classname="somotracker/backend/internal/services" name="TestNormalizeGender" time="0.000000"></testcase>
		<testcase classname="somotracker/backend/internal/services" name="TestParseDate" time="0.000000"></testcase>
		<testcase classname="somotracker/backend/internal/services" name="TestParseDate_RFC3339" time="0.000000"></testcase>
		<testcase classname="somotracker/backend/internal/services" name="TestParseDate_Empty" time="0.000000"></testcase>
	</testsuite>
	<testsuite tests="0" failures="0" time="0.000000" name="somotracker/backend/internal/session" timestamp="2026-09-23T01:53:30+03:00">
		<properties>
			<property name="go.version" value="go1.26.6 darwin/arm64"></property>
		</properties>
	</testsuite>
	<testsuite tests="27" failures="0" skipped="1" time="4.952000" name="somotracker/backend/internal/stytch" timestamp="2026-09-23T01:53:30+03:00">
		<properties>
			<property name="go.version" value="go1.26.6 darwin/arm64"></property>
		</properties>
		<testcase classname="somotracker/backend/internal/stytch" name="TestNewClient_InvalidEnv" time="0.000000">
			<skipped message="=== RUN   TestNewClient_InvalidEnv&#xA;    stytch_test.go:162: requires live Stytch credentials for JWKS initialization&#xA;--- SKIP: TestNewClient_InvalidEnv (0.00s)&#xA;"></skipped>
		</testcase>
		<testcase classname="somotracker/backend/internal/stytch" name="TestSanitizedError_InvalidMagicLink" time="0.000000"></testcase>
		<testcase classname="somotracker/backend/internal/stytch" name="TestSanitizedError_TokenExpired" time="0.000000"></testcase>
		<testcase classname="somotracker/backend/internal/stytch" name="TestSanitizedError_RateLimit" time="0.000000"></testcase>
		<testcase classname="somotracker/backend/internal/stytch" name="TestSanitizedError_UnexpectedSystemError" time="0.000000"></testcase>
		<testcase classname="somotracker/backend/internal/stytch" name="TestSanitizedError_Nil" time="0.000000"></testcase>
		<testcase classname="somotracker/backend/internal/stytch" name="TestSanitizedError_NonStytchError" time="0.000000"></testcase>
		<testcase classname="somotracker/backend/internal/stytch" name="TestSanitizedError_NoLeak" time="0.000000"></testcase>
		<testcase classname="somotracker/backend/internal/stytch" name="TestNewClient_NilConfig" time="0.000000"></testcase>
		<testcase classname="somotracker/backend/internal/stytch" name="TestNewClient_NilLogger" time="0.000000"></testcase>
		<testcase classname="somotracker/backend/internal/stytch" name="TestNewClient_MissingProjectID" time="0.000000"></testcase>
		<testcase classname="somotracker/backend/internal/stytch" name="TestNewClient_MissingSecret" time="0.000000"></testcase>
		<testcase classname="somotracker/backend/internal/stytch" name="TestSanitizedError_StatusCodePatterns/bad_request" time="0.000000"></testcase>
		<testcase classname="somotracker/backend/internal/stytch" name="TestSanitizedError_StatusCodePatterns/unauthorized" time="0.000000"></testcase>
		<testcase classname="somotracker/backend/internal/stytch" name="TestSanitizedError_StatusCodePatterns/too_many_requests" time="0.000000"></testcase>
		<testcase classname="somotracker/backend/internal/stytch" name="TestSanitizedError_StatusCodePatterns/internal_error" time="0.000000"></testcase>
		<testcase classname="somotracker/backend/internal/stytch" name="TestSanitizedError_StatusCodePatterns" time="0.000000"></testcase>
		<testcase classname="somotracker/backend/internal/stytch" name="TestIsRetryable/connection_refused" time="0.000000"></testcase>
		<testcase classname="somotracker/backend/internal/stytch" name="TestIsRetryable/temporary_failure" time="0.000000"></testcase>
		<testcase classname="somotracker/backend/internal/stytch" name="TestIsRetryable/timeout_exceeded" time="0.000000"></testcase>
		<testcase classname="somotracker/backend/internal/stytch" name="TestIsRetryable/network_unreachable" time="0.000000"></testcase>
		<testcase classname="somotracker/backend/internal/stytch" name="TestIsRetryable/too_many_requests" time="0.000000"></testcase>
		<testcase classname="somotracker/backend/internal/stytch" name="TestIsRetryable/invalid_token" time="0.000000"></testcase>
		<testcase classname="somotracker/backend/internal/stytch" name="TestIsRetryable/session_not_found" time="0.000000"></testcase>
		<testcase classname="somotracker/backend/internal/stytch" name="TestIsRetryable/#00" time="0.000000"></testcase>
		<testcase classname="somotracker/backend/internal/stytch" name="TestIsRetryable/internal_server_error" time="0.000000"></testcase>
		<testcase classname="somotracker/backend/internal/stytch" name="TestIsRetryable" time="0.000000"></testcase>
	</testsuite>
	<testsuite tests="0" failures="0" time="0.000000" name="somotracker/backend/internal/testcontainers" timestamp="2026-09-23T01:53:31+03:00">
		<properties>
			<property name="go.version" value="go1.26.6 darwin/arm64"></property>
		</properties>
	</testsuite>
	<testsuite tests="0" failures="0" time="0.000000" name="somotracker/backend/internal/testdb" timestamp="2026-09-23T01:53:31+03:00">
		<properties>
			<property name="go.version" value="go1.26.6 darwin/arm64"></property>
		</properties>
	</testsuite>
	<testsuite tests="19" failures="0" skipped="2" time="5.138000" name="somotracker/backend/internal/worker" timestamp="2026-09-23T01:53:31+03:00">
		<properties>
			<property name="go.version" value="go1.26.6 darwin/arm64"></property>
		</properties>
		<testcase classname="somotracker/backend/internal/worker" name="TestCircuitBreaker_HalfOpenRecovery" time="0.000000">
			<skipped message="=== RUN   TestCircuitBreaker_HalfOpenRecovery&#xA;    admin_invitation_worker_unit_test.go:196: circuit breaker recovery test is flaky in unit test; verify manually&#xA;--- SKIP: TestCircuitBreaker_HalfOpenRecovery (0.00s)&#xA;"></skipped>
		</testcase>
		<testcase classname="somotracker/backend/internal/worker" name="TestStudentImportWorker_DuplicateWithinFile" time="0.000000">
			<skipped message="=== RUN   TestStudentImportWorker_DuplicateWithinFile&#xA;    student_import_worker_test.go:112: handler dedupe tested in handler tests&#xA;--- SKIP: TestStudentImportWorker_DuplicateWithinFile (0.00s)&#xA;"></skipped>
		</testcase>
		<testcase classname="somotracker/backend/internal/worker" name="TestStytchErrorClassification/429_rate_limited_-&gt;_retry,_item_stays_PENDING/PROCESSING" time="0.000000"></testcase>
		<testcase classname="somotracker/backend/internal/worker" name="TestStytchErrorClassification/500_timeout_-&gt;_retry,_item_stays_PENDING/PROCESSING" time="0.000000"></testcase>
		<testcase classname="somotracker/backend/internal/worker" name="TestStytchErrorClassification/duplicate_user_email_-&gt;_SUCCEEDED,_result_populated" time="0.000000"></testcase>
		<testcase classname="somotracker/backend/internal/worker" name="TestStytchErrorClassification/invalid_email_/_400_-&gt;_FAILED_immediately,_no_retry" time="0.000000"></testcase>
		<testcase classname="somotracker/backend/internal/worker" name="TestStytchErrorClassification/unexpected_unknown_-&gt;_first_retries_once,_second_-&gt;_FAILED" time="0.000000"></testcase>
		<testcase classname="somotracker/backend/internal/worker" name="TestStytchErrorClassification/max_attempt_ceiling_terminates_FAILED_not_forever" time="0.000000"></testcase>
		<testcase classname="somotracker/backend/internal/worker" name="TestStytchErrorClassification" time="0.000000"></testcase>
		<testcase classname="somotracker/backend/internal/worker" name="TestCircuitBreaker_OpenStopsCalls" time="0.000000"></testcase>
		<testcase classname="somotracker/backend/internal/worker" name="TestCircuitBreaker_OpenSetsDeferred" time="0.000000"></testcase>
		<testcase classname="somotracker/backend/internal/worker" name="TestCircuitBreaker_ConcurrentSharedState" time="0.000000"></testcase>
		<testcase classname="somotracker/backend/internal/worker" name="TestWorker_ProcessSingleItemSuccessIncrementsCounters" time="0.000000"></testcase>
		<testcase classname="somotracker/backend/internal/worker" name="TestWorker_BatchProgressPublishedOnce" time="0.000000"></testcase>
		<testcase classname="somotracker/backend/internal/worker" name="TestWorker_RateLimitRetryFlow" time="0.000000"></testcase>
		<testcase classname="somotracker/backend/internal/worker" name="TestWorker_RateLimitRetryWithFakeService" time="0.000000"></testcase>
		<testcase classname="somotracker/backend/internal/worker" name="TestWorker_MaxAttemptsCeilingStopsRetry" time="0.000000"></testcase>
		<testcase classname="somotracker/backend/internal/worker" name="TestStudentImportWorker_Success" time="0.000000"></testcase>
		<testcase classname="somotracker/backend/internal/worker" name="TestStudentImportWorker_SuccessWithErrors" time="0.000000"></testcase>
	</testsuite>
</testsuites>