<?xml version="1.0" encoding="UTF-8"?>
<testsuites tests="0" failures="0" errors="0" time="0.044773">
	<testsuite tests="0" failures="0" time="0.000000" name="somotracker/backend/cmd/api" timestamp="2026-09-03T23:00:35+03:00">
		<properties>
			<property name="go.version" value="go1.26.6 darwin/arm64"></property>
		</properties>
	</testsuite>
	<testsuite tests="0" failures="0" time="0.000000" name="somotracker/backend/db" timestamp="2026-09-03T23:00:35+03:00">
		<properties>
			<property name="go.version" value="go1.26.6 darwin/arm64"></property>
		</properties>
	</testsuite>
	<testsuite tests="0" failures="0" time="0.000000" name="somotracker/backend/internal/config" timestamp="2026-09-03T23:00:35+03:00">
		<properties>
			<property name="go.version" value="go1.26.6 darwin/arm64"></property>
		</properties>
	</testsuite>
	<testsuite tests="0" failures="0" time="0.000000" name="somotracker/backend/internal/database" timestamp="2026-09-03T23:00:35+03:00">
		<properties>
			<property name="go.version" value="go1.26.6 darwin/arm64"></property>
		</properties>
	</testsuite>
	<testsuite tests="0" failures="0" time="0.000000" name="somotracker/backend/internal/testdb" timestamp="2026-09-03T23:00:35+03:00">
		<properties>
			<property name="go.version" value="go1.26.6 darwin/arm64"></property>
		</properties>
	</testsuite>
</testsuites>